Determining if the Q_WS_WIN exist failed with the following output:
Change Dir: /home/sema/src/movethumblers/moviethumbs-gnome-0.3.1/build/CMakeFiles/CMakeTmp

Run Build Command:/usr/bin/gmake "cmTryCompileExec3860026075/fast"
/usr/bin/gmake -f CMakeFiles/cmTryCompileExec3860026075.dir/build.make CMakeFiles/cmTryCompileExec3860026075.dir/build
gmake[1]: Вход в каталог `/home/sema/src/movethumblers/moviethumbs-gnome-0.3.1/build/CMakeFiles/CMakeTmp'
/usr/bin/cmake -E cmake_progress_report /home/sema/src/movethumblers/moviethumbs-gnome-0.3.1/build/CMakeFiles/CMakeTmp/CMakeFiles 1
Building CXX object CMakeFiles/cmTryCompileExec3860026075.dir/CheckSymbolExists.cxx.o
/usr/bin/c++    -I/usr/include/qt4    -o CMakeFiles/cmTryCompileExec3860026075.dir/CheckSymbolExists.cxx.o -c /home/sema/src/movethumblers/moviethumbs-gnome-0.3.1/build/CMakeFiles/CMakeTmp/CheckSymbolExists.cxx
/home/sema/src/movethumblers/moviethumbs-gnome-0.3.1/build/CMakeFiles/CMakeTmp/CheckSymbolExists.cxx: В функции «int main(int, char**)»:
/home/sema/src/movethumblers/moviethumbs-gnome-0.3.1/build/CMakeFiles/CMakeTmp/CheckSymbolExists.cxx:8:19: ошибка: нет декларации «Q_WS_WIN» в этой области видимости
gmake[1]: *** [CMakeFiles/cmTryCompileExec3860026075.dir/CheckSymbolExists.cxx.o] Ошибка 1
gmake[1]: Выход из каталога `/home/sema/src/movethumblers/moviethumbs-gnome-0.3.1/build/CMakeFiles/CMakeTmp'
gmake: *** [cmTryCompileExec3860026075/fast] Ошибка 2

File /home/sema/src/movethumblers/moviethumbs-gnome-0.3.1/build/CMakeFiles/CMakeTmp/CheckSymbolExists.cxx:
/* */
#include <QtCore/qglobal.h>

int main(int argc, char** argv)
{
  (void)argv;
#ifndef Q_WS_WIN
  return ((int*)(&Q_WS_WIN))[argc];
#else
  (void)argc;
  return 0;
#endif
}

Determining if the Q_WS_QWS exist failed with the following output:
Change Dir: /home/sema/src/movethumblers/moviethumbs-gnome-0.3.1/build/CMakeFiles/CMakeTmp

Run Build Command:/usr/bin/gmake "cmTryCompileExec4140136996/fast"
/usr/bin/gmake -f CMakeFiles/cmTryCompileExec4140136996.dir/build.make CMakeFiles/cmTryCompileExec4140136996.dir/build
gmake[1]: Вход в каталог `/home/sema/src/movethumblers/moviethumbs-gnome-0.3.1/build/CMakeFiles/CMakeTmp'
/usr/bin/cmake -E cmake_progress_report /home/sema/src/movethumblers/moviethumbs-gnome-0.3.1/build/CMakeFiles/CMakeTmp/CMakeFiles 1
Building CXX object CMakeFiles/cmTryCompileExec4140136996.dir/CheckSymbolExists.cxx.o
/usr/bin/c++    -I/usr/include/qt4    -o CMakeFiles/cmTryCompileExec4140136996.dir/CheckSymbolExists.cxx.o -c /home/sema/src/movethumblers/moviethumbs-gnome-0.3.1/build/CMakeFiles/CMakeTmp/CheckSymbolExists.cxx
/home/sema/src/movethumblers/moviethumbs-gnome-0.3.1/build/CMakeFiles/CMakeTmp/CheckSymbolExists.cxx: В функции «int main(int, char**)»:
/home/sema/src/movethumblers/moviethumbs-gnome-0.3.1/build/CMakeFiles/CMakeTmp/CheckSymbolExists.cxx:8:19: ошибка: нет декларации «Q_WS_QWS» в этой области видимости
gmake[1]: *** [CMakeFiles/cmTryCompileExec4140136996.dir/CheckSymbolExists.cxx.o] Ошибка 1
gmake[1]: Выход из каталога `/home/sema/src/movethumblers/moviethumbs-gnome-0.3.1/build/CMakeFiles/CMakeTmp'
gmake: *** [cmTryCompileExec4140136996/fast] Ошибка 2

File /home/sema/src/movethumblers/moviethumbs-gnome-0.3.1/build/CMakeFiles/CMakeTmp/CheckSymbolExists.cxx:
/* */
#include <QtCore/qglobal.h>

int main(int argc, char** argv)
{
  (void)argv;
#ifndef Q_WS_QWS
  return ((int*)(&Q_WS_QWS))[argc];
#else
  (void)argc;
  return 0;
#endif
}

Determining if the Q_WS_MAC exist failed with the following output:
Change Dir: /home/sema/src/movethumblers/moviethumbs-gnome-0.3.1/build/CMakeFiles/CMakeTmp

Run Build Command:/usr/bin/gmake "cmTryCompileExec533172505/fast"
/usr/bin/gmake -f CMakeFiles/cmTryCompileExec533172505.dir/build.make CMakeFiles/cmTryCompileExec533172505.dir/build
gmake[1]: Вход в каталог `/home/sema/src/movethumblers/moviethumbs-gnome-0.3.1/build/CMakeFiles/CMakeTmp'
/usr/bin/cmake -E cmake_progress_report /home/sema/src/movethumblers/moviethumbs-gnome-0.3.1/build/CMakeFiles/CMakeTmp/CMakeFiles 1
Building CXX object CMakeFiles/cmTryCompileExec533172505.dir/CheckSymbolExists.cxx.o
/usr/bin/c++    -I/usr/include/qt4    -o CMakeFiles/cmTryCompileExec533172505.dir/CheckSymbolExists.cxx.o -c /home/sema/src/movethumblers/moviethumbs-gnome-0.3.1/build/CMakeFiles/CMakeTmp/CheckSymbolExists.cxx
/home/sema/src/movethumblers/moviethumbs-gnome-0.3.1/build/CMakeFiles/CMakeTmp/CheckSymbolExists.cxx: В функции «int main(int, char**)»:
/home/sema/src/movethumblers/moviethumbs-gnome-0.3.1/build/CMakeFiles/CMakeTmp/CheckSymbolExists.cxx:8:19: ошибка: нет декларации «Q_WS_MAC» в этой области видимости
gmake[1]: *** [CMakeFiles/cmTryCompileExec533172505.dir/CheckSymbolExists.cxx.o] Ошибка 1
gmake[1]: Выход из каталога `/home/sema/src/movethumblers/moviethumbs-gnome-0.3.1/build/CMakeFiles/CMakeTmp'
gmake: *** [cmTryCompileExec533172505/fast] Ошибка 2

File /home/sema/src/movethumblers/moviethumbs-gnome-0.3.1/build/CMakeFiles/CMakeTmp/CheckSymbolExists.cxx:
/* */
#include <QtCore/qglobal.h>

int main(int argc, char** argv)
{
  (void)argv;
#ifndef Q_WS_MAC
  return ((int*)(&Q_WS_MAC))[argc];
#else
  (void)argc;
  return 0;
#endif
}

