The system is: Linux - 3.10.5-gentoo-r1 - i686
Compiling the C compiler identification source file "CMakeCCompilerId.c" succeeded.
Compiler: /usr/bin/cc 
Build flags: 
Id flags: 

The output was:
0


Compilation of the C compiler identification source "CMakeCCompilerId.c" produced "a.out"

The C compiler identification is GNU, found in "/home/sema/src/movethumblers/moviethumbs-gnome-0.3.1/tools/build/CMakeFiles/2.8.11.1/CompilerIdC/a.out"

Compiling the CXX compiler identification source file "CMakeCXXCompilerId.cpp" succeeded.
Compiler: /usr/bin/c++ 
Build flags: 
Id flags: 

The output was:
0


Compilation of the CXX compiler identification source "CMakeCXXCompilerId.cpp" produced "a.out"

The CXX compiler identification is GNU, found in "/home/sema/src/movethumblers/moviethumbs-gnome-0.3.1/tools/build/CMakeFiles/2.8.11.1/CompilerIdCXX/a.out"

Determining if the C compiler works passed with the following output:
Change Dir: /home/sema/src/movethumblers/moviethumbs-gnome-0.3.1/tools/build/CMakeFiles/CMakeTmp

Run Build Command:/usr/bin/gmake "cmTryCompileExec576937371/fast"
/usr/bin/gmake -f CMakeFiles/cmTryCompileExec576937371.dir/build.make CMakeFiles/cmTryCompileExec576937371.dir/build
gmake[1]: Вход в каталог `/home/sema/src/movethumblers/moviethumbs-gnome-0.3.1/tools/build/CMakeFiles/CMakeTmp'
/usr/bin/cmake -E cmake_progress_report /home/sema/src/movethumblers/moviethumbs-gnome-0.3.1/tools/build/CMakeFiles/CMakeTmp/CMakeFiles 1
Building C object CMakeFiles/cmTryCompileExec576937371.dir/testCCompiler.c.o
/usr/bin/cc    -o CMakeFiles/cmTryCompileExec576937371.dir/testCCompiler.c.o   -c /home/sema/src/movethumblers/moviethumbs-gnome-0.3.1/tools/build/CMakeFiles/CMakeTmp/testCCompiler.c
Linking C executable cmTryCompileExec576937371
/usr/bin/cmake -E cmake_link_script CMakeFiles/cmTryCompileExec576937371.dir/link.txt --verbose=1
/usr/bin/cc         CMakeFiles/cmTryCompileExec576937371.dir/testCCompiler.c.o  -o cmTryCompileExec576937371 -rdynamic 
gmake[1]: Выход из каталога `/home/sema/src/movethumblers/moviethumbs-gnome-0.3.1/tools/build/CMakeFiles/CMakeTmp'


Detecting C compiler ABI info compiled with the following output:
Change Dir: /home/sema/src/movethumblers/moviethumbs-gnome-0.3.1/tools/build/CMakeFiles/CMakeTmp

Run Build Command:/usr/bin/gmake "cmTryCompileExec3625356064/fast"
/usr/bin/gmake -f CMakeFiles/cmTryCompileExec3625356064.dir/build.make CMakeFiles/cmTryCompileExec3625356064.dir/build
gmake[1]: Вход в каталог `/home/sema/src/movethumblers/moviethumbs-gnome-0.3.1/tools/build/CMakeFiles/CMakeTmp'
/usr/bin/cmake -E cmake_progress_report /home/sema/src/movethumblers/moviethumbs-gnome-0.3.1/tools/build/CMakeFiles/CMakeTmp/CMakeFiles 1
Building C object CMakeFiles/cmTryCompileExec3625356064.dir/CMakeCCompilerABI.c.o
/usr/bin/cc    -o CMakeFiles/cmTryCompileExec3625356064.dir/CMakeCCompilerABI.c.o   -c /usr/share/cmake/Modules/CMakeCCompilerABI.c
Linking C executable cmTryCompileExec3625356064
/usr/bin/cmake -E cmake_link_script CMakeFiles/cmTryCompileExec3625356064.dir/link.txt --verbose=1
/usr/bin/cc       -v CMakeFiles/cmTryCompileExec3625356064.dir/CMakeCCompilerABI.c.o  -o cmTryCompileExec3625356064 -rdynamic  
Используются внутренние спецификации.
COLLECT_GCC=/usr/i686-pc-linux-gnu/gcc-bin/4.7.3/gcc
COLLECT_LTO_WRAPPER=/usr/libexec/gcc/i686-pc-linux-gnu/4.7.3/lto-wrapper
Целевая архитектура: i686-pc-linux-gnu
Параметры конфигурации: /var/tmp/portage/sys-devel/gcc-4.7.3/work/gcc-4.7.3/configure --prefix=/usr --bindir=/usr/i686-pc-linux-gnu/gcc-bin/4.7.3 --includedir=/usr/lib/gcc/i686-pc-linux-gnu/4.7.3/include --datadir=/usr/share/gcc-data/i686-pc-linux-gnu/4.7.3 --mandir=/usr/share/gcc-data/i686-pc-linux-gnu/4.7.3/man --infodir=/usr/share/gcc-data/i686-pc-linux-gnu/4.7.3/info --with-gxx-include-dir=/usr/lib/gcc/i686-pc-linux-gnu/4.7.3/include/g++-v4 --host=i686-pc-linux-gnu --build=i686-pc-linux-gnu --disable-altivec --disable-fixed-point --without-cloog --without-ppl --disable-lto --enable-nls --without-included-gettext --with-system-zlib --enable-obsolete --disable-werror --enable-secureplt --disable-multilib --enable-libmudflap --disable-libssp --enable-libgomp --with-python-dir=/share/gcc-data/i686-pc-linux-gnu/4.7.3/python --enable-checking=release --enable-java-awt=gtk --enable-libstdcxx-time --with-arch=i686 --enable-objc-gc --enable-languages=c,c++,java,objc,obj-c++,fortran --enable-shared --enable-threads=posix --enable-__cxa_atexit --enable-clocale=gnu --enable-targets=all --with-bugurl=http://bugs.gentoo.org/ --with-pkgversion='Gentoo 4.7.3 p1.0, pie-0.5.5'
Модель многопоточности: posix
gcc версия 4.7.3 (Gentoo 4.7.3 p1.0, pie-0.5.5) 
COMPILER_PATH=/usr/libexec/gcc/i686-pc-linux-gnu/4.7.3/:/usr/libexec/gcc/i686-pc-linux-gnu/4.7.3/:/usr/libexec/gcc/i686-pc-linux-gnu/:/usr/lib/gcc/i686-pc-linux-gnu/4.7.3/:/usr/lib/gcc/i686-pc-linux-gnu/:/usr/lib/gcc/i686-pc-linux-gnu/4.7.3/../../../../i686-pc-linux-gnu/bin/
LIBRARY_PATH=/usr/lib/gcc/i686-pc-linux-gnu/4.7.3/:/usr/lib/gcc/i686-pc-linux-gnu/4.7.3/../../../../i686-pc-linux-gnu/lib/../lib/:/usr/lib/gcc/i686-pc-linux-gnu/4.7.3/../../../../lib/:/lib/../lib/:/usr/lib/../lib/:/usr/lib/gcc/i686-pc-linux-gnu/4.7.3/../../../../i686-pc-linux-gnu/lib/:/usr/lib/gcc/i686-pc-linux-gnu/4.7.3/../../../:/lib/:/usr/lib/
COLLECT_GCC_OPTIONS='-v' '-o' 'cmTryCompileExec3625356064' '-rdynamic' '-mtune=generic' '-march=i686'
 /usr/libexec/gcc/i686-pc-linux-gnu/4.7.3/collect2 --eh-frame-hdr -m elf_i386 -export-dynamic -dynamic-linker /lib/ld-linux.so.2 -o cmTryCompileExec3625356064 /usr/lib/gcc/i686-pc-linux-gnu/4.7.3/../../../../lib/crt1.o /usr/lib/gcc/i686-pc-linux-gnu/4.7.3/../../../../lib/crti.o /usr/lib/gcc/i686-pc-linux-gnu/4.7.3/crtbegin.o -L/usr/lib/gcc/i686-pc-linux-gnu/4.7.3 -L/usr/lib/gcc/i686-pc-linux-gnu/4.7.3/../../../../i686-pc-linux-gnu/lib/../lib -L/usr/lib/gcc/i686-pc-linux-gnu/4.7.3/../../../../lib -L/lib/../lib -L/usr/lib/../lib -L/usr/lib/gcc/i686-pc-linux-gnu/4.7.3/../../../../i686-pc-linux-gnu/lib -L/usr/lib/gcc/i686-pc-linux-gnu/4.7.3/../../.. CMakeFiles/cmTryCompileExec3625356064.dir/CMakeCCompilerABI.c.o -lgcc --as-needed -lgcc_s --no-as-needed -lc -lgcc --as-needed -lgcc_s --no-as-needed /usr/lib/gcc/i686-pc-linux-gnu/4.7.3/crtend.o /usr/lib/gcc/i686-pc-linux-gnu/4.7.3/../../../../lib/crtn.o
gmake[1]: Выход из каталога `/home/sema/src/movethumblers/moviethumbs-gnome-0.3.1/tools/build/CMakeFiles/CMakeTmp'


Parsed C implicit link information from above output:
  link line regex: [^( *|.*[/\])(ld|ld|collect2)[^/\]*( |$)]
  ignore line: [Change Dir: /home/sema/src/movethumblers/moviethumbs-gnome-0.3.1/tools/build/CMakeFiles/CMakeTmp]
  ignore line: []
  ignore line: [Run Build Command:/usr/bin/gmake "cmTryCompileExec3625356064/fast"]
  ignore line: [/usr/bin/gmake -f CMakeFiles/cmTryCompileExec3625356064.dir/build.make CMakeFiles/cmTryCompileExec3625356064.dir/build]
  ignore line: [gmake[1]: Вход в каталог `/home/sema/src/movethumblers/moviethumbs-gnome-0.3.1/tools/build/CMakeFiles/CMakeTmp']
  ignore line: [/usr/bin/cmake -E cmake_progress_report /home/sema/src/movethumblers/moviethumbs-gnome-0.3.1/tools/build/CMakeFiles/CMakeTmp/CMakeFiles 1]
  ignore line: [Building C object CMakeFiles/cmTryCompileExec3625356064.dir/CMakeCCompilerABI.c.o]
  ignore line: [/usr/bin/cc    -o CMakeFiles/cmTryCompileExec3625356064.dir/CMakeCCompilerABI.c.o   -c /usr/share/cmake/Modules/CMakeCCompilerABI.c]
  ignore line: [Linking C executable cmTryCompileExec3625356064]
  ignore line: [/usr/bin/cmake -E cmake_link_script CMakeFiles/cmTryCompileExec3625356064.dir/link.txt --verbose=1]
  ignore line: [/usr/bin/cc       -v CMakeFiles/cmTryCompileExec3625356064.dir/CMakeCCompilerABI.c.o  -o cmTryCompileExec3625356064 -rdynamic  ]
  ignore line: [Используются внутренние спецификации.]
  ignore line: [COLLECT_GCC=/usr/i686-pc-linux-gnu/gcc-bin/4.7.3/gcc]
  ignore line: [COLLECT_LTO_WRAPPER=/usr/libexec/gcc/i686-pc-linux-gnu/4.7.3/lto-wrapper]
  ignore line: [Целевая архитектура: i686-pc-linux-gnu]
  ignore line: [Параметры конфигурации: /var/tmp/portage/sys-devel/gcc-4.7.3/work/gcc-4.7.3/configure --prefix=/usr --bindir=/usr/i686-pc-linux-gnu/gcc-bin/4.7.3 --includedir=/usr/lib/gcc/i686-pc-linux-gnu/4.7.3/include --datadir=/usr/share/gcc-data/i686-pc-linux-gnu/4.7.3 --mandir=/usr/share/gcc-data/i686-pc-linux-gnu/4.7.3/man --infodir=/usr/share/gcc-data/i686-pc-linux-gnu/4.7.3/info --with-gxx-include-dir=/usr/lib/gcc/i686-pc-linux-gnu/4.7.3/include/g++-v4 --host=i686-pc-linux-gnu --build=i686-pc-linux-gnu --disable-altivec --disable-fixed-point --without-cloog --without-ppl --disable-lto --enable-nls --without-included-gettext --with-system-zlib --enable-obsolete --disable-werror --enable-secureplt --disable-multilib --enable-libmudflap --disable-libssp --enable-libgomp --with-python-dir=/share/gcc-data/i686-pc-linux-gnu/4.7.3/python --enable-checking=release --enable-java-awt=gtk --enable-libstdcxx-time --with-arch=i686 --enable-objc-gc --enable-languages=c,c++,java,objc,obj-c++,fortran --enable-shared --enable-threads=posix --enable-__cxa_atexit --enable-clocale=gnu --enable-targets=all --with-bugurl=http://bugs.gentoo.org/ --with-pkgversion='Gentoo 4.7.3 p1.0, pie-0.5.5']
  ignore line: [Модель многопоточности: posix]
  ignore line: [gcc версия 4.7.3 (Gentoo 4.7.3 p1.0, pie-0.5.5) ]
  ignore line: [COMPILER_PATH=/usr/libexec/gcc/i686-pc-linux-gnu/4.7.3/:/usr/libexec/gcc/i686-pc-linux-gnu/4.7.3/:/usr/libexec/gcc/i686-pc-linux-gnu/:/usr/lib/gcc/i686-pc-linux-gnu/4.7.3/:/usr/lib/gcc/i686-pc-linux-gnu/:/usr/lib/gcc/i686-pc-linux-gnu/4.7.3/../../../../i686-pc-linux-gnu/bin/]
  ignore line: [LIBRARY_PATH=/usr/lib/gcc/i686-pc-linux-gnu/4.7.3/:/usr/lib/gcc/i686-pc-linux-gnu/4.7.3/../../../../i686-pc-linux-gnu/lib/../lib/:/usr/lib/gcc/i686-pc-linux-gnu/4.7.3/../../../../lib/:/lib/../lib/:/usr/lib/../lib/:/usr/lib/gcc/i686-pc-linux-gnu/4.7.3/../../../../i686-pc-linux-gnu/lib/:/usr/lib/gcc/i686-pc-linux-gnu/4.7.3/../../../:/lib/:/usr/lib/]
  ignore line: [COLLECT_GCC_OPTIONS='-v' '-o' 'cmTryCompileExec3625356064' '-rdynamic' '-mtune=generic' '-march=i686']
  link line: [ /usr/libexec/gcc/i686-pc-linux-gnu/4.7.3/collect2 --eh-frame-hdr -m elf_i386 -export-dynamic -dynamic-linker /lib/ld-linux.so.2 -o cmTryCompileExec3625356064 /usr/lib/gcc/i686-pc-linux-gnu/4.7.3/../../../../lib/crt1.o /usr/lib/gcc/i686-pc-linux-gnu/4.7.3/../../../../lib/crti.o /usr/lib/gcc/i686-pc-linux-gnu/4.7.3/crtbegin.o -L/usr/lib/gcc/i686-pc-linux-gnu/4.7.3 -L/usr/lib/gcc/i686-pc-linux-gnu/4.7.3/../../../../i686-pc-linux-gnu/lib/../lib -L/usr/lib/gcc/i686-pc-linux-gnu/4.7.3/../../../../lib -L/lib/../lib -L/usr/lib/../lib -L/usr/lib/gcc/i686-pc-linux-gnu/4.7.3/../../../../i686-pc-linux-gnu/lib -L/usr/lib/gcc/i686-pc-linux-gnu/4.7.3/../../.. CMakeFiles/cmTryCompileExec3625356064.dir/CMakeCCompilerABI.c.o -lgcc --as-needed -lgcc_s --no-as-needed -lc -lgcc --as-needed -lgcc_s --no-as-needed /usr/lib/gcc/i686-pc-linux-gnu/4.7.3/crtend.o /usr/lib/gcc/i686-pc-linux-gnu/4.7.3/../../../../lib/crtn.o]
    arg [/usr/libexec/gcc/i686-pc-linux-gnu/4.7.3/collect2] ==> ignore
    arg [--eh-frame-hdr] ==> ignore
    arg [-m] ==> ignore
    arg [elf_i386] ==> ignore
    arg [-export-dynamic] ==> ignore
    arg [-dynamic-linker] ==> ignore
    arg [/lib/ld-linux.so.2] ==> ignore
    arg [-o] ==> ignore
    arg [cmTryCompileExec3625356064] ==> ignore
    arg [/usr/lib/gcc/i686-pc-linux-gnu/4.7.3/../../../../lib/crt1.o] ==> ignore
    arg [/usr/lib/gcc/i686-pc-linux-gnu/4.7.3/../../../../lib/crti.o] ==> ignore
    arg [/usr/lib/gcc/i686-pc-linux-gnu/4.7.3/crtbegin.o] ==> ignore
    arg [-L/usr/lib/gcc/i686-pc-linux-gnu/4.7.3] ==> dir [/usr/lib/gcc/i686-pc-linux-gnu/4.7.3]
    arg [-L/usr/lib/gcc/i686-pc-linux-gnu/4.7.3/../../../../i686-pc-linux-gnu/lib/../lib] ==> dir [/usr/lib/gcc/i686-pc-linux-gnu/4.7.3/../../../../i686-pc-linux-gnu/lib/../lib]
    arg [-L/usr/lib/gcc/i686-pc-linux-gnu/4.7.3/../../../../lib] ==> dir [/usr/lib/gcc/i686-pc-linux-gnu/4.7.3/../../../../lib]
    arg [-L/lib/../lib] ==> dir [/lib/../lib]
    arg [-L/usr/lib/../lib] ==> dir [/usr/lib/../lib]
    arg [-L/usr/lib/gcc/i686-pc-linux-gnu/4.7.3/../../../../i686-pc-linux-gnu/lib] ==> dir [/usr/lib/gcc/i686-pc-linux-gnu/4.7.3/../../../../i686-pc-linux-gnu/lib]
    arg [-L/usr/lib/gcc/i686-pc-linux-gnu/4.7.3/../../..] ==> dir [/usr/lib/gcc/i686-pc-linux-gnu/4.7.3/../../..]
    arg [CMakeFiles/cmTryCompileExec3625356064.dir/CMakeCCompilerABI.c.o] ==> ignore
    arg [-lgcc] ==> lib [gcc]
    arg [--as-needed] ==> ignore
    arg [-lgcc_s] ==> lib [gcc_s]
    arg [--no-as-needed] ==> ignore
    arg [-lc] ==> lib [c]
    arg [-lgcc] ==> lib [gcc]
    arg [--as-needed] ==> ignore
    arg [-lgcc_s] ==> lib [gcc_s]
    arg [--no-as-needed] ==> ignore
    arg [/usr/lib/gcc/i686-pc-linux-gnu/4.7.3/crtend.o] ==> ignore
    arg [/usr/lib/gcc/i686-pc-linux-gnu/4.7.3/../../../../lib/crtn.o] ==> ignore
  remove lib [gcc]
  remove lib [gcc_s]
  remove lib [gcc]
  remove lib [gcc_s]
  collapse library dir [/usr/lib/gcc/i686-pc-linux-gnu/4.7.3] ==> [/usr/lib/gcc/i686-pc-linux-gnu/4.7.3]
  collapse library dir [/usr/lib/gcc/i686-pc-linux-gnu/4.7.3/../../../../i686-pc-linux-gnu/lib/../lib] ==> [/usr/i686-pc-linux-gnu/lib]
  collapse library dir [/usr/lib/gcc/i686-pc-linux-gnu/4.7.3/../../../../lib] ==> [/usr/lib]
  collapse library dir [/lib/../lib] ==> [/lib]
  collapse library dir [/usr/lib/../lib] ==> [/usr/lib]
  collapse library dir [/usr/lib/gcc/i686-pc-linux-gnu/4.7.3/../../../../i686-pc-linux-gnu/lib] ==> [/usr/i686-pc-linux-gnu/lib]
  collapse library dir [/usr/lib/gcc/i686-pc-linux-gnu/4.7.3/../../..] ==> [/usr/lib]
  implicit libs: [c]
  implicit dirs: [/usr/lib/gcc/i686-pc-linux-gnu/4.7.3;/usr/i686-pc-linux-gnu/lib;/usr/lib;/lib]
  implicit fwks: []


Determining if the CXX compiler works passed with the following output:
Change Dir: /home/sema/src/movethumblers/moviethumbs-gnome-0.3.1/tools/build/CMakeFiles/CMakeTmp

Run Build Command:/usr/bin/gmake "cmTryCompileExec2222870406/fast"
/usr/bin/gmake -f CMakeFiles/cmTryCompileExec2222870406.dir/build.make CMakeFiles/cmTryCompileExec2222870406.dir/build
gmake[1]: Вход в каталог `/home/sema/src/movethumblers/moviethumbs-gnome-0.3.1/tools/build/CMakeFiles/CMakeTmp'
/usr/bin/cmake -E cmake_progress_report /home/sema/src/movethumblers/moviethumbs-gnome-0.3.1/tools/build/CMakeFiles/CMakeTmp/CMakeFiles 1
Building CXX object CMakeFiles/cmTryCompileExec2222870406.dir/testCXXCompiler.cxx.o
/usr/bin/c++     -o CMakeFiles/cmTryCompileExec2222870406.dir/testCXXCompiler.cxx.o -c /home/sema/src/movethumblers/moviethumbs-gnome-0.3.1/tools/build/CMakeFiles/CMakeTmp/testCXXCompiler.cxx
Linking CXX executable cmTryCompileExec2222870406
/usr/bin/cmake -E cmake_link_script CMakeFiles/cmTryCompileExec2222870406.dir/link.txt --verbose=1
/usr/bin/c++          CMakeFiles/cmTryCompileExec2222870406.dir/testCXXCompiler.cxx.o  -o cmTryCompileExec2222870406 -rdynamic 
gmake[1]: Выход из каталога `/home/sema/src/movethumblers/moviethumbs-gnome-0.3.1/tools/build/CMakeFiles/CMakeTmp'


Detecting CXX compiler ABI info compiled with the following output:
Change Dir: /home/sema/src/movethumblers/moviethumbs-gnome-0.3.1/tools/build/CMakeFiles/CMakeTmp

Run Build Command:/usr/bin/gmake "cmTryCompileExec2222322065/fast"
/usr/bin/gmake -f CMakeFiles/cmTryCompileExec2222322065.dir/build.make CMakeFiles/cmTryCompileExec2222322065.dir/build
gmake[1]: Вход в каталог `/home/sema/src/movethumblers/moviethumbs-gnome-0.3.1/tools/build/CMakeFiles/CMakeTmp'
/usr/bin/cmake -E cmake_progress_report /home/sema/src/movethumblers/moviethumbs-gnome-0.3.1/tools/build/CMakeFiles/CMakeTmp/CMakeFiles 1
Building CXX object CMakeFiles/cmTryCompileExec2222322065.dir/CMakeCXXCompilerABI.cpp.o
/usr/bin/c++     -o CMakeFiles/cmTryCompileExec2222322065.dir/CMakeCXXCompilerABI.cpp.o -c /usr/share/cmake/Modules/CMakeCXXCompilerABI.cpp
Linking CXX executable cmTryCompileExec2222322065
/usr/bin/cmake -E cmake_link_script CMakeFiles/cmTryCompileExec2222322065.dir/link.txt --verbose=1
/usr/bin/c++        -v CMakeFiles/cmTryCompileExec2222322065.dir/CMakeCXXCompilerABI.cpp.o  -o cmTryCompileExec2222322065 -rdynamic  
Используются внутренние спецификации.
COLLECT_GCC=/usr/i686-pc-linux-gnu/gcc-bin/4.7.3/c++
COLLECT_LTO_WRAPPER=/usr/libexec/gcc/i686-pc-linux-gnu/4.7.3/lto-wrapper
Целевая архитектура: i686-pc-linux-gnu
Параметры конфигурации: /var/tmp/portage/sys-devel/gcc-4.7.3/work/gcc-4.7.3/configure --prefix=/usr --bindir=/usr/i686-pc-linux-gnu/gcc-bin/4.7.3 --includedir=/usr/lib/gcc/i686-pc-linux-gnu/4.7.3/include --datadir=/usr/share/gcc-data/i686-pc-linux-gnu/4.7.3 --mandir=/usr/share/gcc-data/i686-pc-linux-gnu/4.7.3/man --infodir=/usr/share/gcc-data/i686-pc-linux-gnu/4.7.3/info --with-gxx-include-dir=/usr/lib/gcc/i686-pc-linux-gnu/4.7.3/include/g++-v4 --host=i686-pc-linux-gnu --build=i686-pc-linux-gnu --disable-altivec --disable-fixed-point --without-cloog --without-ppl --disable-lto --enable-nls --without-included-gettext --with-system-zlib --enable-obsolete --disable-werror --enable-secureplt --disable-multilib --enable-libmudflap --disable-libssp --enable-libgomp --with-python-dir=/share/gcc-data/i686-pc-linux-gnu/4.7.3/python --enable-checking=release --enable-java-awt=gtk --enable-libstdcxx-time --with-arch=i686 --enable-objc-gc --enable-languages=c,c++,java,objc,obj-c++,fortran --enable-shared --enable-threads=posix --enable-__cxa_atexit --enable-clocale=gnu --enable-targets=all --with-bugurl=http://bugs.gentoo.org/ --with-pkgversion='Gentoo 4.7.3 p1.0, pie-0.5.5'
Модель многопоточности: posix
gcc версия 4.7.3 (Gentoo 4.7.3 p1.0, pie-0.5.5) 
COMPILER_PATH=/usr/libexec/gcc/i686-pc-linux-gnu/4.7.3/:/usr/libexec/gcc/i686-pc-linux-gnu/4.7.3/:/usr/libexec/gcc/i686-pc-linux-gnu/:/usr/lib/gcc/i686-pc-linux-gnu/4.7.3/:/usr/lib/gcc/i686-pc-linux-gnu/:/usr/lib/gcc/i686-pc-linux-gnu/4.7.3/../../../../i686-pc-linux-gnu/bin/
LIBRARY_PATH=/usr/lib/gcc/i686-pc-linux-gnu/4.7.3/:/usr/lib/gcc/i686-pc-linux-gnu/4.7.3/../../../../i686-pc-linux-gnu/lib/../lib/:/usr/lib/gcc/i686-pc-linux-gnu/4.7.3/../../../../lib/:/lib/../lib/:/usr/lib/../lib/:/usr/lib/gcc/i686-pc-linux-gnu/4.7.3/../../../../i686-pc-linux-gnu/lib/:/usr/lib/gcc/i686-pc-linux-gnu/4.7.3/../../../:/lib/:/usr/lib/
COLLECT_GCC_OPTIONS='-v' '-o' 'cmTryCompileExec2222322065' '-rdynamic' '-shared-libgcc' '-mtune=generic' '-march=i686'
 /usr/libexec/gcc/i686-pc-linux-gnu/4.7.3/collect2 --eh-frame-hdr -m elf_i386 -export-dynamic -dynamic-linker /lib/ld-linux.so.2 -o cmTryCompileExec2222322065 /usr/lib/gcc/i686-pc-linux-gnu/4.7.3/../../../../lib/crt1.o /usr/lib/gcc/i686-pc-linux-gnu/4.7.3/../../../../lib/crti.o /usr/lib/gcc/i686-pc-linux-gnu/4.7.3/crtbegin.o -L/usr/lib/gcc/i686-pc-linux-gnu/4.7.3 -L/usr/lib/gcc/i686-pc-linux-gnu/4.7.3/../../../../i686-pc-linux-gnu/lib/../lib -L/usr/lib/gcc/i686-pc-linux-gnu/4.7.3/../../../../lib -L/lib/../lib -L/usr/lib/../lib -L/usr/lib/gcc/i686-pc-linux-gnu/4.7.3/../../../../i686-pc-linux-gnu/lib -L/usr/lib/gcc/i686-pc-linux-gnu/4.7.3/../../.. CMakeFiles/cmTryCompileExec2222322065.dir/CMakeCXXCompilerABI.cpp.o -lstdc++ -lm -lgcc_s -lgcc -lc -lgcc_s -lgcc /usr/lib/gcc/i686-pc-linux-gnu/4.7.3/crtend.o /usr/lib/gcc/i686-pc-linux-gnu/4.7.3/../../../../lib/crtn.o
gmake[1]: Выход из каталога `/home/sema/src/movethumblers/moviethumbs-gnome-0.3.1/tools/build/CMakeFiles/CMakeTmp'


Parsed CXX implicit link information from above output:
  link line regex: [^( *|.*[/\])(ld|ld|collect2)[^/\]*( |$)]
  ignore line: [Change Dir: /home/sema/src/movethumblers/moviethumbs-gnome-0.3.1/tools/build/CMakeFiles/CMakeTmp]
  ignore line: []
  ignore line: [Run Build Command:/usr/bin/gmake "cmTryCompileExec2222322065/fast"]
  ignore line: [/usr/bin/gmake -f CMakeFiles/cmTryCompileExec2222322065.dir/build.make CMakeFiles/cmTryCompileExec2222322065.dir/build]
  ignore line: [gmake[1]: Вход в каталог `/home/sema/src/movethumblers/moviethumbs-gnome-0.3.1/tools/build/CMakeFiles/CMakeTmp']
  ignore line: [/usr/bin/cmake -E cmake_progress_report /home/sema/src/movethumblers/moviethumbs-gnome-0.3.1/tools/build/CMakeFiles/CMakeTmp/CMakeFiles 1]
  ignore line: [Building CXX object CMakeFiles/cmTryCompileExec2222322065.dir/CMakeCXXCompilerABI.cpp.o]
  ignore line: [/usr/bin/c++     -o CMakeFiles/cmTryCompileExec2222322065.dir/CMakeCXXCompilerABI.cpp.o -c /usr/share/cmake/Modules/CMakeCXXCompilerABI.cpp]
  ignore line: [Linking CXX executable cmTryCompileExec2222322065]
  ignore line: [/usr/bin/cmake -E cmake_link_script CMakeFiles/cmTryCompileExec2222322065.dir/link.txt --verbose=1]
  ignore line: [/usr/bin/c++        -v CMakeFiles/cmTryCompileExec2222322065.dir/CMakeCXXCompilerABI.cpp.o  -o cmTryCompileExec2222322065 -rdynamic  ]
  ignore line: [Используются внутренние спецификации.]
  ignore line: [COLLECT_GCC=/usr/i686-pc-linux-gnu/gcc-bin/4.7.3/c++]
  ignore line: [COLLECT_LTO_WRAPPER=/usr/libexec/gcc/i686-pc-linux-gnu/4.7.3/lto-wrapper]
  ignore line: [Целевая архитектура: i686-pc-linux-gnu]
  ignore line: [Параметры конфигурации: /var/tmp/portage/sys-devel/gcc-4.7.3/work/gcc-4.7.3/configure --prefix=/usr --bindir=/usr/i686-pc-linux-gnu/gcc-bin/4.7.3 --includedir=/usr/lib/gcc/i686-pc-linux-gnu/4.7.3/include --datadir=/usr/share/gcc-data/i686-pc-linux-gnu/4.7.3 --mandir=/usr/share/gcc-data/i686-pc-linux-gnu/4.7.3/man --infodir=/usr/share/gcc-data/i686-pc-linux-gnu/4.7.3/info --with-gxx-include-dir=/usr/lib/gcc/i686-pc-linux-gnu/4.7.3/include/g++-v4 --host=i686-pc-linux-gnu --build=i686-pc-linux-gnu --disable-altivec --disable-fixed-point --without-cloog --without-ppl --disable-lto --enable-nls --without-included-gettext --with-system-zlib --enable-obsolete --disable-werror --enable-secureplt --disable-multilib --enable-libmudflap --disable-libssp --enable-libgomp --with-python-dir=/share/gcc-data/i686-pc-linux-gnu/4.7.3/python --enable-checking=release --enable-java-awt=gtk --enable-libstdcxx-time --with-arch=i686 --enable-objc-gc --enable-languages=c,c++,java,objc,obj-c++,fortran --enable-shared --enable-threads=posix --enable-__cxa_atexit --enable-clocale=gnu --enable-targets=all --with-bugurl=http://bugs.gentoo.org/ --with-pkgversion='Gentoo 4.7.3 p1.0, pie-0.5.5']
  ignore line: [Модель многопоточности: posix]
  ignore line: [gcc версия 4.7.3 (Gentoo 4.7.3 p1.0, pie-0.5.5) ]
  ignore line: [COMPILER_PATH=/usr/libexec/gcc/i686-pc-linux-gnu/4.7.3/:/usr/libexec/gcc/i686-pc-linux-gnu/4.7.3/:/usr/libexec/gcc/i686-pc-linux-gnu/:/usr/lib/gcc/i686-pc-linux-gnu/4.7.3/:/usr/lib/gcc/i686-pc-linux-gnu/:/usr/lib/gcc/i686-pc-linux-gnu/4.7.3/../../../../i686-pc-linux-gnu/bin/]
  ignore line: [LIBRARY_PATH=/usr/lib/gcc/i686-pc-linux-gnu/4.7.3/:/usr/lib/gcc/i686-pc-linux-gnu/4.7.3/../../../../i686-pc-linux-gnu/lib/../lib/:/usr/lib/gcc/i686-pc-linux-gnu/4.7.3/../../../../lib/:/lib/../lib/:/usr/lib/../lib/:/usr/lib/gcc/i686-pc-linux-gnu/4.7.3/../../../../i686-pc-linux-gnu/lib/:/usr/lib/gcc/i686-pc-linux-gnu/4.7.3/../../../:/lib/:/usr/lib/]
  ignore line: [COLLECT_GCC_OPTIONS='-v' '-o' 'cmTryCompileExec2222322065' '-rdynamic' '-shared-libgcc' '-mtune=generic' '-march=i686']
  link line: [ /usr/libexec/gcc/i686-pc-linux-gnu/4.7.3/collect2 --eh-frame-hdr -m elf_i386 -export-dynamic -dynamic-linker /lib/ld-linux.so.2 -o cmTryCompileExec2222322065 /usr/lib/gcc/i686-pc-linux-gnu/4.7.3/../../../../lib/crt1.o /usr/lib/gcc/i686-pc-linux-gnu/4.7.3/../../../../lib/crti.o /usr/lib/gcc/i686-pc-linux-gnu/4.7.3/crtbegin.o -L/usr/lib/gcc/i686-pc-linux-gnu/4.7.3 -L/usr/lib/gcc/i686-pc-linux-gnu/4.7.3/../../../../i686-pc-linux-gnu/lib/../lib -L/usr/lib/gcc/i686-pc-linux-gnu/4.7.3/../../../../lib -L/lib/../lib -L/usr/lib/../lib -L/usr/lib/gcc/i686-pc-linux-gnu/4.7.3/../../../../i686-pc-linux-gnu/lib -L/usr/lib/gcc/i686-pc-linux-gnu/4.7.3/../../.. CMakeFiles/cmTryCompileExec2222322065.dir/CMakeCXXCompilerABI.cpp.o -lstdc++ -lm -lgcc_s -lgcc -lc -lgcc_s -lgcc /usr/lib/gcc/i686-pc-linux-gnu/4.7.3/crtend.o /usr/lib/gcc/i686-pc-linux-gnu/4.7.3/../../../../lib/crtn.o]
    arg [/usr/libexec/gcc/i686-pc-linux-gnu/4.7.3/collect2] ==> ignore
    arg [--eh-frame-hdr] ==> ignore
    arg [-m] ==> ignore
    arg [elf_i386] ==> ignore
    arg [-export-dynamic] ==> ignore
    arg [-dynamic-linker] ==> ignore
    arg [/lib/ld-linux.so.2] ==> ignore
    arg [-o] ==> ignore
    arg [cmTryCompileExec2222322065] ==> ignore
    arg [/usr/lib/gcc/i686-pc-linux-gnu/4.7.3/../../../../lib/crt1.o] ==> ignore
    arg [/usr/lib/gcc/i686-pc-linux-gnu/4.7.3/../../../../lib/crti.o] ==> ignore
    arg [/usr/lib/gcc/i686-pc-linux-gnu/4.7.3/crtbegin.o] ==> ignore
    arg [-L/usr/lib/gcc/i686-pc-linux-gnu/4.7.3] ==> dir [/usr/lib/gcc/i686-pc-linux-gnu/4.7.3]
    arg [-L/usr/lib/gcc/i686-pc-linux-gnu/4.7.3/../../../../i686-pc-linux-gnu/lib/../lib] ==> dir [/usr/lib/gcc/i686-pc-linux-gnu/4.7.3/../../../../i686-pc-linux-gnu/lib/../lib]
    arg [-L/usr/lib/gcc/i686-pc-linux-gnu/4.7.3/../../../../lib] ==> dir [/usr/lib/gcc/i686-pc-linux-gnu/4.7.3/../../../../lib]
    arg [-L/lib/../lib] ==> dir [/lib/../lib]
    arg [-L/usr/lib/../lib] ==> dir [/usr/lib/../lib]
    arg [-L/usr/lib/gcc/i686-pc-linux-gnu/4.7.3/../../../../i686-pc-linux-gnu/lib] ==> dir [/usr/lib/gcc/i686-pc-linux-gnu/4.7.3/../../../../i686-pc-linux-gnu/lib]
    arg [-L/usr/lib/gcc/i686-pc-linux-gnu/4.7.3/../../..] ==> dir [/usr/lib/gcc/i686-pc-linux-gnu/4.7.3/../../..]
    arg [CMakeFiles/cmTryCompileExec2222322065.dir/CMakeCXXCompilerABI.cpp.o] ==> ignore
    arg [-lstdc++] ==> lib [stdc++]
    arg [-lm] ==> lib [m]
    arg [-lgcc_s] ==> lib [gcc_s]
    arg [-lgcc] ==> lib [gcc]
    arg [-lc] ==> lib [c]
    arg [-lgcc_s] ==> lib [gcc_s]
    arg [-lgcc] ==> lib [gcc]
    arg [/usr/lib/gcc/i686-pc-linux-gnu/4.7.3/crtend.o] ==> ignore
    arg [/usr/lib/gcc/i686-pc-linux-gnu/4.7.3/../../../../lib/crtn.o] ==> ignore
  remove lib [gcc_s]
  remove lib [gcc]
  remove lib [gcc_s]
  remove lib [gcc]
  collapse library dir [/usr/lib/gcc/i686-pc-linux-gnu/4.7.3] ==> [/usr/lib/gcc/i686-pc-linux-gnu/4.7.3]
  collapse library dir [/usr/lib/gcc/i686-pc-linux-gnu/4.7.3/../../../../i686-pc-linux-gnu/lib/../lib] ==> [/usr/i686-pc-linux-gnu/lib]
  collapse library dir [/usr/lib/gcc/i686-pc-linux-gnu/4.7.3/../../../../lib] ==> [/usr/lib]
  collapse library dir [/lib/../lib] ==> [/lib]
  collapse library dir [/usr/lib/../lib] ==> [/usr/lib]
  collapse library dir [/usr/lib/gcc/i686-pc-linux-gnu/4.7.3/../../../../i686-pc-linux-gnu/lib] ==> [/usr/i686-pc-linux-gnu/lib]
  collapse library dir [/usr/lib/gcc/i686-pc-linux-gnu/4.7.3/../../..] ==> [/usr/lib]
  implicit libs: [stdc++;m;c]
  implicit dirs: [/usr/lib/gcc/i686-pc-linux-gnu/4.7.3;/usr/i686-pc-linux-gnu/lib;/usr/lib;/lib]
  implicit fwks: []


Determining if the Q_WS_X11 exist passed with the following output:
Change Dir: /home/sema/src/movethumblers/moviethumbs-gnome-0.3.1/tools/build/CMakeFiles/CMakeTmp

Run Build Command:/usr/bin/gmake "cmTryCompileExec4211693243/fast"
/usr/bin/gmake -f CMakeFiles/cmTryCompileExec4211693243.dir/build.make CMakeFiles/cmTryCompileExec4211693243.dir/build
gmake[1]: Вход в каталог `/home/sema/src/movethumblers/moviethumbs-gnome-0.3.1/tools/build/CMakeFiles/CMakeTmp'
/usr/bin/cmake -E cmake_progress_report /home/sema/src/movethumblers/moviethumbs-gnome-0.3.1/tools/build/CMakeFiles/CMakeTmp/CMakeFiles 1
Building CXX object CMakeFiles/cmTryCompileExec4211693243.dir/CheckSymbolExists.cxx.o
/usr/bin/c++    -I/usr/include/qt4    -o CMakeFiles/cmTryCompileExec4211693243.dir/CheckSymbolExists.cxx.o -c /home/sema/src/movethumblers/moviethumbs-gnome-0.3.1/tools/build/CMakeFiles/CMakeTmp/CheckSymbolExists.cxx
Linking CXX executable cmTryCompileExec4211693243
/usr/bin/cmake -E cmake_link_script CMakeFiles/cmTryCompileExec4211693243.dir/link.txt --verbose=1
/usr/bin/c++          CMakeFiles/cmTryCompileExec4211693243.dir/CheckSymbolExists.cxx.o  -o cmTryCompileExec4211693243 -rdynamic 
gmake[1]: Выход из каталога `/home/sema/src/movethumblers/moviethumbs-gnome-0.3.1/tools/build/CMakeFiles/CMakeTmp'

File /home/sema/src/movethumblers/moviethumbs-gnome-0.3.1/tools/build/CMakeFiles/CMakeTmp/CheckSymbolExists.cxx:
/* */
#include <QtCore/qglobal.h>

int main(int argc, char** argv)
{
  (void)argv;
#ifndef Q_WS_X11
  return ((int*)(&Q_WS_X11))[argc];
#else
  (void)argc;
  return 0;
#endif
}

